{
"/Users/mitmaro/Code/ComboKeysContext/src/Combokeys-Context.js":{"path":"/Users/mitmaro/Code/ComboKeysContext/src/Combokeys-Context.js","s":{"1":1,"2":1,"3":2,"4":1,"5":1,"6":1,"7":26,"8":1,"9":25,"10":25,"11":25,"12":1,"13":3,"14":3,"15":3,"16":2,"17":2,"18":2,"19":3,"20":4,"21":1,"22":9,"23":9,"24":9,"25":9,"26":11,"27":1,"28":10,"29":10,"30":6,"31":4,"32":10,"33":6,"34":1,"35":3,"36":3,"37":3,"38":4,"39":1,"40":3,"41":1,"42":1,"43":1,"44":1,"45":1,"46":3,"47":1,"48":2,"49":1,"50":1,"51":1,"52":1,"53":1,"54":1,"55":6,"56":3,"57":3,"58":6,"59":2,"60":4,"61":1},"b":{"1":[1,1],"2":[1,25],"3":[1,2],"4":[2,1],"5":[2,7],"6":[1,10],"7":[6,4],"8":[6,4],"9":[10,8],"10":[1,2],"11":[1,3],"12":[1,2],"13":[3,3],"14":[2,4]},"f":{"1":2,"2":26,"3":3,"4":9,"5":3,"6":1,"7":3,"8":1,"9":1,"10":6},"fnMap":{"1":{"name":"wrapHandler","line":3,"loc":{"start":{"line":3,"column":0},"end":{"line":3,"column":38}}},"2":{"name":"(anonymous_2)","line":16,"loc":{"start":{"line":16,"column":14},"end":{"line":16,"column":34}}},"3":{"name":"(anonymous_3)","line":32,"loc":{"start":{"line":32,"column":25},"end":{"line":32,"column":66}}},"4":{"name":"(anonymous_4)","line":53,"loc":{"start":{"line":53,"column":27},"end":{"line":53,"column":50}}},"5":{"name":"(anonymous_5)","line":83,"loc":{"start":{"line":83,"column":30},"end":{"line":83,"column":44}}},"6":{"name":"(anonymous_6)","line":102,"loc":{"start":{"line":102,"column":26},"end":{"line":102,"column":37}}},"7":{"name":"(anonymous_7)","line":112,"loc":{"start":{"line":112,"column":34},"end":{"line":112,"column":52}}},"8":{"name":"(anonymous_8)","line":122,"loc":{"start":{"line":122,"column":33},"end":{"line":122,"column":44}}},"9":{"name":"(anonymous_9)","line":126,"loc":{"start":{"line":126,"column":35},"end":{"line":126,"column":49}}},"10":{"name":"(anonymous_10)","line":131,"loc":{"start":{"line":131,"column":30},"end":{"line":131,"column":71}}}},"statementMap":{"1":{"start":{"line":1,"column":0},"end":{"line":1,"column":40}},"2":{"start":{"line":3,"column":0},"end":{"line":9,"column":1}},"3":{"start":{"line":4,"column":1},"end":{"line":8,"column":2}},"4":{"start":{"line":5,"column":2},"end":{"line":5,"column":80}},"5":{"start":{"line":7,"column":2},"end":{"line":7,"column":63}},"6":{"start":{"line":16,"column":0},"end":{"line":23,"column":2}},"7":{"start":{"line":17,"column":1},"end":{"line":19,"column":2}},"8":{"start":{"line":18,"column":2},"end":{"line":18,"column":85}},"9":{"start":{"line":20,"column":1},"end":{"line":20,"column":21}},"10":{"start":{"line":21,"column":1},"end":{"line":21,"column":22}},"11":{"start":{"line":22,"column":1},"end":{"line":22,"column":29}},"12":{"start":{"line":32,"column":0},"end":{"line":46,"column":2}},"13":{"start":{"line":33,"column":1},"end":{"line":33,"column":7}},"14":{"start":{"line":34,"column":1},"end":{"line":34,"column":39}},"15":{"start":{"line":37,"column":1},"end":{"line":41,"column":2}},"16":{"start":{"line":38,"column":2},"end":{"line":38,"column":20}},"17":{"start":{"line":39,"column":2},"end":{"line":39,"column":21}},"18":{"start":{"line":40,"column":2},"end":{"line":40,"column":17}},"19":{"start":{"line":43,"column":1},"end":{"line":45,"column":2}},"20":{"start":{"line":44,"column":2},"end":{"line":44,"column":53}},"21":{"start":{"line":53,"column":0},"end":{"line":77,"column":2}},"22":{"start":{"line":54,"column":1},"end":{"line":54,"column":7}},"23":{"start":{"line":55,"column":1},"end":{"line":55,"column":13}},"24":{"start":{"line":56,"column":1},"end":{"line":56,"column":39}},"25":{"start":{"line":58,"column":1},"end":{"line":76,"column":2}},"26":{"start":{"line":60,"column":2},"end":{"line":62,"column":3}},"27":{"start":{"line":61,"column":3},"end":{"line":61,"column":12}},"28":{"start":{"line":64,"column":2},"end":{"line":64,"column":36}},"29":{"start":{"line":66,"column":2},"end":{"line":70,"column":3}},"30":{"start":{"line":67,"column":3},"end":{"line":67,"column":36}},"31":{"start":{"line":69,"column":3},"end":{"line":69,"column":25}},"32":{"start":{"line":73,"column":2},"end":{"line":75,"column":3}},"33":{"start":{"line":74,"column":3},"end":{"line":74,"column":32}},"34":{"start":{"line":83,"column":0},"end":{"line":97,"column":2}},"35":{"start":{"line":85,"column":1},"end":{"line":85,"column":7}},"36":{"start":{"line":86,"column":1},"end":{"line":86,"column":39}},"37":{"start":{"line":88,"column":1},"end":{"line":96,"column":2}},"38":{"start":{"line":91,"column":2},"end":{"line":93,"column":3}},"39":{"start":{"line":92,"column":3},"end":{"line":92,"column":12}},"40":{"start":{"line":95,"column":2},"end":{"line":95,"column":31}},"41":{"start":{"line":102,"column":0},"end":{"line":106,"column":2}},"42":{"start":{"line":103,"column":1},"end":{"line":103,"column":25}},"43":{"start":{"line":104,"column":1},"end":{"line":104,"column":21}},"44":{"start":{"line":105,"column":1},"end":{"line":105,"column":22}},"45":{"start":{"line":112,"column":0},"end":{"line":117,"column":2}},"46":{"start":{"line":113,"column":1},"end":{"line":115,"column":2}},"47":{"start":{"line":114,"column":2},"end":{"line":114,"column":84}},"48":{"start":{"line":116,"column":1},"end":{"line":116,"column":25}},"49":{"start":{"line":122,"column":0},"end":{"line":124,"column":2}},"50":{"start":{"line":123,"column":1},"end":{"line":123,"column":22}},"51":{"start":{"line":126,"column":0},"end":{"line":129,"column":2}},"52":{"start":{"line":127,"column":1},"end":{"line":127,"column":29}},"53":{"start":{"line":128,"column":1},"end":{"line":128,"column":28}},"54":{"start":{"line":131,"column":0},"end":{"line":146,"column":2}},"55":{"start":{"line":132,"column":1},"end":{"line":139,"column":2}},"56":{"start":{"line":133,"column":2},"end":{"line":137,"column":4}},"57":{"start":{"line":138,"column":2},"end":{"line":138,"column":65}},"58":{"start":{"line":141,"column":1},"end":{"line":145,"column":2}},"59":{"start":{"line":142,"column":2},"end":{"line":142,"column":51}},"60":{"start":{"line":144,"column":2},"end":{"line":144,"column":40}},"61":{"start":{"line":148,"column":0},"end":{"line":148,"column":25}}},"branchMap":{"1":{"line":4,"type":"if","locations":[{"start":{"line":4,"column":1},"end":{"line":4,"column":1}},{"start":{"line":4,"column":1},"end":{"line":4,"column":1}}]},"2":{"line":17,"type":"if","locations":[{"start":{"line":17,"column":1},"end":{"line":17,"column":1}},{"start":{"line":17,"column":1},"end":{"line":17,"column":1}}]},"3":{"line":34,"type":"cond-expr","locations":[{"start":{"line":34,"column":27},"end":{"line":34,"column":30}},{"start":{"line":34,"column":33},"end":{"line":34,"column":38}}]},"4":{"line":37,"type":"if","locations":[{"start":{"line":37,"column":1},"end":{"line":37,"column":1}},{"start":{"line":37,"column":1},"end":{"line":37,"column":1}}]},"5":{"line":56,"type":"cond-expr","locations":[{"start":{"line":56,"column":27},"end":{"line":56,"column":30}},{"start":{"line":56,"column":33},"end":{"line":56,"column":38}}]},"6":{"line":60,"type":"if","locations":[{"start":{"line":60,"column":2},"end":{"line":60,"column":2}},{"start":{"line":60,"column":2},"end":{"line":60,"column":2}}]},"7":{"line":66,"type":"if","locations":[{"start":{"line":66,"column":2},"end":{"line":66,"column":2}},{"start":{"line":66,"column":2},"end":{"line":66,"column":2}}]},"8":{"line":73,"type":"if","locations":[{"start":{"line":73,"column":2},"end":{"line":73,"column":2}},{"start":{"line":73,"column":2},"end":{"line":73,"column":2}}]},"9":{"line":73,"type":"binary-expr","locations":[{"start":{"line":73,"column":6},"end":{"line":73,"column":29}},{"start":{"line":73,"column":33},"end":{"line":73,"column":75}}]},"10":{"line":86,"type":"cond-expr","locations":[{"start":{"line":86,"column":27},"end":{"line":86,"column":30}},{"start":{"line":86,"column":33},"end":{"line":86,"column":38}}]},"11":{"line":91,"type":"if","locations":[{"start":{"line":91,"column":2},"end":{"line":91,"column":2}},{"start":{"line":91,"column":2},"end":{"line":91,"column":2}}]},"12":{"line":113,"type":"if","locations":[{"start":{"line":113,"column":1},"end":{"line":113,"column":1}},{"start":{"line":113,"column":1},"end":{"line":113,"column":1}}]},"13":{"line":132,"type":"if","locations":[{"start":{"line":132,"column":1},"end":{"line":132,"column":1}},{"start":{"line":132,"column":1},"end":{"line":132,"column":1}}]},"14":{"line":141,"type":"if","locations":[{"start":{"line":141,"column":1},"end":{"line":141,"column":1}},{"start":{"line":141,"column":1},"end":{"line":141,"column":1}}]}},"l":{"1":1,"3":1,"4":2,"5":1,"7":1,"16":1,"17":26,"18":1,"20":25,"21":25,"22":25,"32":1,"33":3,"34":3,"37":3,"38":2,"39":2,"40":2,"43":3,"44":4,"53":1,"54":9,"55":9,"56":9,"58":9,"60":11,"61":1,"64":10,"66":10,"67":6,"69":4,"73":10,"74":6,"83":1,"85":3,"86":3,"88":3,"91":4,"92":1,"95":3,"102":1,"103":1,"104":1,"105":1,"112":1,"113":3,"114":1,"116":2,"122":1,"123":1,"126":1,"127":1,"128":1,"131":1,"132":6,"133":3,"138":3,"141":6,"142":2,"144":4,"148":1}},
"/Users/mitmaro/Code/ComboKeysContext/src/util/isArray.js":{"path":"/Users/mitmaro/Code/ComboKeysContext/src/util/isArray.js","s":{"1":3,"2":4},"b":{"1":[3,1]},"f":{"1":4},"fnMap":{"1":{"name":"(anonymous_1)","line":1,"loc":{"start":{"line":1,"column":19},"end":{"line":1,"column":48}}}},"statementMap":{"1":{"start":{"line":1,"column":0},"end":{"line":3,"column":2}},"2":{"start":{"line":2,"column":1},"end":{"line":2,"column":65}}},"branchMap":{"1":{"line":1,"type":"binary-expr","locations":[{"start":{"line":1,"column":17},"end":{"line":1,"column":30}},{"start":{"line":1,"column":19},"end":{"line":3,"column":1}}]}},"l":{"1":3,"2":4}}}
