{
"/Users/mitmaro/Code/ComboKeysContext/src/Combokeys-Context.js":{"path":"/Users/mitmaro/Code/ComboKeysContext/src/Combokeys-Context.js","s":{"1":2,"2":2,"3":2,"4":2,"5":2,"6":2,"7":2,"8":2,"9":1,"10":16,"11":16,"12":16,"13":16,"14":16,"15":16,"16":1,"17":15,"18":14,"19":16,"20":18,"21":6,"22":6,"23":5,"24":18,"25":6,"26":6,"27":5,"28":16,"29":3,"30":16,"31":3,"32":2,"33":48,"34":1,"35":47,"36":47,"37":47,"38":47,"39":47,"40":2,"41":2,"42":2,"43":2,"44":2,"45":2,"46":2,"47":2,"48":2,"49":2,"50":2,"51":2,"52":2,"53":3,"54":3,"55":3,"56":2,"57":2,"58":2,"59":3,"60":4,"61":2,"62":9,"63":9,"64":9,"65":9,"66":11,"67":1,"68":10,"69":10,"70":6,"71":4,"72":10,"73":6,"74":2,"75":3,"76":3,"77":3,"78":4,"79":1,"80":3,"81":2,"82":1,"83":1,"84":1,"85":2,"86":3,"87":1,"88":2,"89":2,"90":1,"91":2,"92":2,"93":2,"94":1,"95":1,"96":2,"97":20,"98":17,"99":17,"100":20,"101":3,"102":17,"103":2,"104":7,"105":7,"106":7,"107":7,"108":7,"109":6,"110":6,"111":1,"112":5,"113":1,"114":4,"115":3,"116":5,"117":2},"b":{"1":[1,15],"2":[16,2],"3":[14,1],"4":[6,12],"5":[18,17,16],"6":[5,1],"7":[6,12],"8":[18,17,16],"9":[5,1],"10":[3,13],"11":[16,14],"12":[3,13],"13":[16,14],"14":[1,47],"15":[1,2],"16":[2,1],"17":[2,7],"18":[1,10],"19":[6,4],"20":[6,4],"21":[10,8],"22":[1,2],"23":[1,3],"24":[1,2],"25":[17,3],"26":[3,17],"27":[6,1],"28":[1,5],"29":[1,4],"30":[3,1]},"f":{"1":16,"2":48,"3":3,"4":9,"5":3,"6":1,"7":3,"8":1,"9":2,"10":1,"11":20,"12":7},"fnMap":{"1":{"name":"wrapHandler","line":14,"loc":{"start":{"line":14,"column":0},"end":{"line":14,"column":38}}},"2":{"name":"(anonymous_2)","line":62,"loc":{"start":{"line":62,"column":14},"end":{"line":62,"column":34}}},"3":{"name":"(anonymous_3)","line":142,"loc":{"start":{"line":142,"column":25},"end":{"line":142,"column":66}}},"4":{"name":"(anonymous_4)","line":163,"loc":{"start":{"line":163,"column":27},"end":{"line":163,"column":50}}},"5":{"name":"(anonymous_5)","line":193,"loc":{"start":{"line":193,"column":30},"end":{"line":193,"column":44}}},"6":{"name":"(anonymous_6)","line":212,"loc":{"start":{"line":212,"column":26},"end":{"line":212,"column":37}}},"7":{"name":"(anonymous_7)","line":222,"loc":{"start":{"line":222,"column":34},"end":{"line":222,"column":52}}},"8":{"name":"(anonymous_8)","line":232,"loc":{"start":{"line":232,"column":33},"end":{"line":232,"column":44}}},"9":{"name":"(anonymous_9)","line":241,"loc":{"start":{"line":241,"column":35},"end":{"line":241,"column":52}}},"10":{"name":"(anonymous_10)","line":245,"loc":{"start":{"line":245,"column":35},"end":{"line":245,"column":49}}},"11":{"name":"(anonymous_11)","line":250,"loc":{"start":{"line":250,"column":30},"end":{"line":250,"column":71}}},"12":{"name":"(anonymous_12)","line":267,"loc":{"start":{"line":267,"column":34},"end":{"line":267,"column":64}}}},"statementMap":{"1":{"start":{"line":1,"column":0},"end":{"line":3,"column":2}},"2":{"start":{"line":5,"column":0},"end":{"line":5,"column":56}},"3":{"start":{"line":6,"column":0},"end":{"line":6,"column":67}},"4":{"start":{"line":7,"column":0},"end":{"line":7,"column":69}},"5":{"start":{"line":9,"column":0},"end":{"line":9,"column":27}},"6":{"start":{"line":10,"column":0},"end":{"line":10,"column":16}},"7":{"start":{"line":11,"column":0},"end":{"line":11,"column":14}},"8":{"start":{"line":12,"column":0},"end":{"line":12,"column":25}},"9":{"start":{"line":14,"column":0},"end":{"line":55,"column":1}},"10":{"start":{"line":15,"column":1},"end":{"line":15,"column":7}},"11":{"start":{"line":16,"column":1},"end":{"line":16,"column":31}},"12":{"start":{"line":17,"column":1},"end":{"line":17,"column":23}},"13":{"start":{"line":18,"column":1},"end":{"line":18,"column":27}},"14":{"start":{"line":19,"column":1},"end":{"line":19,"column":12}},"15":{"start":{"line":21,"column":1},"end":{"line":25,"column":2}},"16":{"start":{"line":22,"column":2},"end":{"line":22,"column":80}},"17":{"start":{"line":23,"column":8},"end":{"line":25,"column":2}},"18":{"start":{"line":24,"column":2},"end":{"line":24,"column":63}},"19":{"start":{"line":27,"column":1},"end":{"line":46,"column":2}},"20":{"start":{"line":28,"column":2},"end":{"line":36,"column":3}},"21":{"start":{"line":32,"column":3},"end":{"line":32,"column":79}},"22":{"start":{"line":33,"column":3},"end":{"line":35,"column":4}},"23":{"start":{"line":34,"column":4},"end":{"line":34,"column":26}},"24":{"start":{"line":37,"column":2},"end":{"line":45,"column":3}},"25":{"start":{"line":41,"column":3},"end":{"line":41,"column":80}},"26":{"start":{"line":42,"column":3},"end":{"line":44,"column":4}},"27":{"start":{"line":43,"column":4},"end":{"line":43,"column":30}},"28":{"start":{"line":48,"column":1},"end":{"line":50,"column":2}},"29":{"start":{"line":49,"column":2},"end":{"line":49,"column":22}},"30":{"start":{"line":52,"column":1},"end":{"line":54,"column":2}},"31":{"start":{"line":53,"column":2},"end":{"line":53,"column":23}},"32":{"start":{"line":62,"column":0},"end":{"line":72,"column":2}},"33":{"start":{"line":63,"column":1},"end":{"line":65,"column":2}},"34":{"start":{"line":64,"column":2},"end":{"line":64,"column":85}},"35":{"start":{"line":66,"column":1},"end":{"line":66,"column":21}},"36":{"start":{"line":67,"column":1},"end":{"line":67,"column":22}},"37":{"start":{"line":68,"column":1},"end":{"line":68,"column":29}},"38":{"start":{"line":69,"column":1},"end":{"line":69,"column":20}},"39":{"start":{"line":71,"column":1},"end":{"line":71,"column":62}},"40":{"start":{"line":78,"column":0},"end":{"line":78,"column":41}},"41":{"start":{"line":83,"column":0},"end":{"line":83,"column":30}},"42":{"start":{"line":88,"column":0},"end":{"line":88,"column":27}},"43":{"start":{"line":93,"column":0},"end":{"line":93,"column":38}},"44":{"start":{"line":98,"column":0},"end":{"line":98,"column":42}},"45":{"start":{"line":103,"column":0},"end":{"line":103,"column":31}},"46":{"start":{"line":108,"column":0},"end":{"line":108,"column":31}},"47":{"start":{"line":113,"column":0},"end":{"line":113,"column":42}},"48":{"start":{"line":118,"column":0},"end":{"line":118,"column":39}},"49":{"start":{"line":123,"column":0},"end":{"line":123,"column":28}},"50":{"start":{"line":128,"column":0},"end":{"line":128,"column":28}},"51":{"start":{"line":133,"column":0},"end":{"line":133,"column":39}},"52":{"start":{"line":142,"column":0},"end":{"line":156,"column":2}},"53":{"start":{"line":143,"column":1},"end":{"line":143,"column":7}},"54":{"start":{"line":144,"column":1},"end":{"line":144,"column":41}},"55":{"start":{"line":147,"column":1},"end":{"line":151,"column":2}},"56":{"start":{"line":148,"column":2},"end":{"line":148,"column":20}},"57":{"start":{"line":149,"column":2},"end":{"line":149,"column":21}},"58":{"start":{"line":150,"column":2},"end":{"line":150,"column":17}},"59":{"start":{"line":153,"column":1},"end":{"line":155,"column":2}},"60":{"start":{"line":154,"column":2},"end":{"line":154,"column":53}},"61":{"start":{"line":163,"column":0},"end":{"line":187,"column":2}},"62":{"start":{"line":164,"column":1},"end":{"line":164,"column":7}},"63":{"start":{"line":165,"column":1},"end":{"line":165,"column":13}},"64":{"start":{"line":166,"column":1},"end":{"line":166,"column":41}},"65":{"start":{"line":168,"column":1},"end":{"line":186,"column":2}},"66":{"start":{"line":170,"column":2},"end":{"line":172,"column":3}},"67":{"start":{"line":171,"column":3},"end":{"line":171,"column":12}},"68":{"start":{"line":174,"column":2},"end":{"line":174,"column":36}},"69":{"start":{"line":176,"column":2},"end":{"line":180,"column":3}},"70":{"start":{"line":177,"column":3},"end":{"line":177,"column":36}},"71":{"start":{"line":179,"column":3},"end":{"line":179,"column":25}},"72":{"start":{"line":183,"column":2},"end":{"line":185,"column":3}},"73":{"start":{"line":184,"column":3},"end":{"line":184,"column":32}},"74":{"start":{"line":193,"column":0},"end":{"line":207,"column":2}},"75":{"start":{"line":195,"column":1},"end":{"line":195,"column":7}},"76":{"start":{"line":196,"column":1},"end":{"line":196,"column":41}},"77":{"start":{"line":198,"column":1},"end":{"line":206,"column":2}},"78":{"start":{"line":201,"column":2},"end":{"line":203,"column":3}},"79":{"start":{"line":202,"column":3},"end":{"line":202,"column":12}},"80":{"start":{"line":205,"column":2},"end":{"line":205,"column":31}},"81":{"start":{"line":212,"column":0},"end":{"line":216,"column":2}},"82":{"start":{"line":213,"column":1},"end":{"line":213,"column":25}},"83":{"start":{"line":214,"column":1},"end":{"line":214,"column":21}},"84":{"start":{"line":215,"column":1},"end":{"line":215,"column":22}},"85":{"start":{"line":222,"column":0},"end":{"line":227,"column":2}},"86":{"start":{"line":223,"column":1},"end":{"line":225,"column":2}},"87":{"start":{"line":224,"column":2},"end":{"line":224,"column":84}},"88":{"start":{"line":226,"column":1},"end":{"line":226,"column":25}},"89":{"start":{"line":232,"column":0},"end":{"line":234,"column":2}},"90":{"start":{"line":233,"column":1},"end":{"line":233,"column":22}},"91":{"start":{"line":241,"column":0},"end":{"line":243,"column":2}},"92":{"start":{"line":242,"column":1},"end":{"line":242,"column":28}},"93":{"start":{"line":245,"column":0},"end":{"line":248,"column":2}},"94":{"start":{"line":246,"column":1},"end":{"line":246,"column":29}},"95":{"start":{"line":247,"column":1},"end":{"line":247,"column":28}},"96":{"start":{"line":250,"column":0},"end":{"line":265,"column":2}},"97":{"start":{"line":251,"column":1},"end":{"line":258,"column":2}},"98":{"start":{"line":252,"column":2},"end":{"line":256,"column":4}},"99":{"start":{"line":257,"column":2},"end":{"line":257,"column":65}},"100":{"start":{"line":260,"column":1},"end":{"line":264,"column":2}},"101":{"start":{"line":261,"column":2},"end":{"line":261,"column":51}},"102":{"start":{"line":263,"column":2},"end":{"line":263,"column":40}},"103":{"start":{"line":267,"column":0},"end":{"line":288,"column":2}},"104":{"start":{"line":268,"column":1},"end":{"line":268,"column":7}},"105":{"start":{"line":269,"column":1},"end":{"line":269,"column":12}},"106":{"start":{"line":270,"column":1},"end":{"line":270,"column":23}},"107":{"start":{"line":271,"column":1},"end":{"line":285,"column":2}},"108":{"start":{"line":272,"column":2},"end":{"line":284,"column":3}},"109":{"start":{"line":273,"column":3},"end":{"line":273,"column":87}},"110":{"start":{"line":275,"column":3},"end":{"line":280,"column":4}},"111":{"start":{"line":276,"column":4},"end":{"line":276,"column":16}},"112":{"start":{"line":278,"column":8},"end":{"line":280,"column":4}},"113":{"start":{"line":279,"column":4},"end":{"line":279,"column":17}},"114":{"start":{"line":281,"column":3},"end":{"line":283,"column":4}},"115":{"start":{"line":282,"column":4},"end":{"line":282,"column":26}},"116":{"start":{"line":287,"column":1},"end":{"line":287,"column":29}},"117":{"start":{"line":290,"column":0},"end":{"line":290,"column":25}}},"branchMap":{"1":{"line":21,"type":"if","locations":[{"start":{"line":21,"column":1},"end":{"line":21,"column":1}},{"start":{"line":21,"column":1},"end":{"line":21,"column":1}}]},"2":{"line":21,"type":"binary-expr","locations":[{"start":{"line":21,"column":5},"end":{"line":21,"column":18}},{"start":{"line":21,"column":22},"end":{"line":21,"column":65}}]},"3":{"line":23,"type":"if","locations":[{"start":{"line":23,"column":8},"end":{"line":23,"column":8}},{"start":{"line":23,"column":8},"end":{"line":23,"column":8}}]},"4":{"line":28,"type":"if","locations":[{"start":{"line":28,"column":2},"end":{"line":28,"column":2}},{"start":{"line":28,"column":2},"end":{"line":28,"column":2}}]},"5":{"line":29,"type":"binary-expr","locations":[{"start":{"line":29,"column":3},"end":{"line":29,"column":28}},{"start":{"line":29,"column":32},"end":{"line":29,"column":56}},{"start":{"line":30,"column":3},"end":{"line":30,"column":56}}]},"6":{"line":33,"type":"if","locations":[{"start":{"line":33,"column":3},"end":{"line":33,"column":3}},{"start":{"line":33,"column":3},"end":{"line":33,"column":3}}]},"7":{"line":37,"type":"if","locations":[{"start":{"line":37,"column":2},"end":{"line":37,"column":2}},{"start":{"line":37,"column":2},"end":{"line":37,"column":2}}]},"8":{"line":38,"type":"binary-expr","locations":[{"start":{"line":38,"column":3},"end":{"line":38,"column":32}},{"start":{"line":38,"column":36},"end":{"line":38,"column":64}},{"start":{"line":39,"column":3},"end":{"line":39,"column":57}}]},"9":{"line":42,"type":"if","locations":[{"start":{"line":42,"column":3},"end":{"line":42,"column":3}},{"start":{"line":42,"column":3},"end":{"line":42,"column":3}}]},"10":{"line":48,"type":"if","locations":[{"start":{"line":48,"column":1},"end":{"line":48,"column":1}},{"start":{"line":48,"column":1},"end":{"line":48,"column":1}}]},"11":{"line":48,"type":"binary-expr","locations":[{"start":{"line":48,"column":5},"end":{"line":48,"column":25}},{"start":{"line":48,"column":29},"end":{"line":48,"column":54}}]},"12":{"line":52,"type":"if","locations":[{"start":{"line":52,"column":1},"end":{"line":52,"column":1}},{"start":{"line":52,"column":1},"end":{"line":52,"column":1}}]},"13":{"line":52,"type":"binary-expr","locations":[{"start":{"line":52,"column":5},"end":{"line":52,"column":29}},{"start":{"line":52,"column":33},"end":{"line":52,"column":62}}]},"14":{"line":63,"type":"if","locations":[{"start":{"line":63,"column":1},"end":{"line":63,"column":1}},{"start":{"line":63,"column":1},"end":{"line":63,"column":1}}]},"15":{"line":144,"type":"cond-expr","locations":[{"start":{"line":144,"column":29},"end":{"line":144,"column":32}},{"start":{"line":144,"column":35},"end":{"line":144,"column":40}}]},"16":{"line":147,"type":"if","locations":[{"start":{"line":147,"column":1},"end":{"line":147,"column":1}},{"start":{"line":147,"column":1},"end":{"line":147,"column":1}}]},"17":{"line":166,"type":"cond-expr","locations":[{"start":{"line":166,"column":29},"end":{"line":166,"column":32}},{"start":{"line":166,"column":35},"end":{"line":166,"column":40}}]},"18":{"line":170,"type":"if","locations":[{"start":{"line":170,"column":2},"end":{"line":170,"column":2}},{"start":{"line":170,"column":2},"end":{"line":170,"column":2}}]},"19":{"line":176,"type":"if","locations":[{"start":{"line":176,"column":2},"end":{"line":176,"column":2}},{"start":{"line":176,"column":2},"end":{"line":176,"column":2}}]},"20":{"line":183,"type":"if","locations":[{"start":{"line":183,"column":2},"end":{"line":183,"column":2}},{"start":{"line":183,"column":2},"end":{"line":183,"column":2}}]},"21":{"line":183,"type":"binary-expr","locations":[{"start":{"line":183,"column":6},"end":{"line":183,"column":29}},{"start":{"line":183,"column":33},"end":{"line":183,"column":75}}]},"22":{"line":196,"type":"cond-expr","locations":[{"start":{"line":196,"column":29},"end":{"line":196,"column":32}},{"start":{"line":196,"column":35},"end":{"line":196,"column":40}}]},"23":{"line":201,"type":"if","locations":[{"start":{"line":201,"column":2},"end":{"line":201,"column":2}},{"start":{"line":201,"column":2},"end":{"line":201,"column":2}}]},"24":{"line":223,"type":"if","locations":[{"start":{"line":223,"column":1},"end":{"line":223,"column":1}},{"start":{"line":223,"column":1},"end":{"line":223,"column":1}}]},"25":{"line":251,"type":"if","locations":[{"start":{"line":251,"column":1},"end":{"line":251,"column":1}},{"start":{"line":251,"column":1},"end":{"line":251,"column":1}}]},"26":{"line":260,"type":"if","locations":[{"start":{"line":260,"column":1},"end":{"line":260,"column":1}},{"start":{"line":260,"column":1},"end":{"line":260,"column":1}}]},"27":{"line":272,"type":"if","locations":[{"start":{"line":272,"column":2},"end":{"line":272,"column":2}},{"start":{"line":272,"column":2},"end":{"line":272,"column":2}}]},"28":{"line":275,"type":"if","locations":[{"start":{"line":275,"column":3},"end":{"line":275,"column":3}},{"start":{"line":275,"column":3},"end":{"line":275,"column":3}}]},"29":{"line":278,"type":"if","locations":[{"start":{"line":278,"column":8},"end":{"line":278,"column":8}},{"start":{"line":278,"column":8},"end":{"line":278,"column":8}}]},"30":{"line":281,"type":"if","locations":[{"start":{"line":281,"column":3},"end":{"line":281,"column":3}},{"start":{"line":281,"column":3},"end":{"line":281,"column":3}}]}},"l":{"1":2,"5":2,"6":2,"7":2,"9":2,"10":2,"11":2,"12":2,"14":1,"15":16,"16":16,"17":16,"18":16,"19":16,"21":16,"22":1,"23":15,"24":14,"27":16,"28":18,"32":6,"33":6,"34":5,"37":18,"41":6,"42":6,"43":5,"48":16,"49":3,"52":16,"53":3,"62":2,"63":48,"64":1,"66":47,"67":47,"68":47,"69":47,"71":47,"78":2,"83":2,"88":2,"93":2,"98":2,"103":2,"108":2,"113":2,"118":2,"123":2,"128":2,"133":2,"142":2,"143":3,"144":3,"147":3,"148":2,"149":2,"150":2,"153":3,"154":4,"163":2,"164":9,"165":9,"166":9,"168":9,"170":11,"171":1,"174":10,"176":10,"177":6,"179":4,"183":10,"184":6,"193":2,"195":3,"196":3,"198":3,"201":4,"202":1,"205":3,"212":2,"213":1,"214":1,"215":1,"222":2,"223":3,"224":1,"226":2,"232":2,"233":1,"241":2,"242":2,"245":2,"246":1,"247":1,"250":2,"251":20,"252":17,"257":17,"260":20,"261":3,"263":17,"267":2,"268":7,"269":7,"270":7,"271":7,"272":7,"273":6,"275":6,"276":1,"278":5,"279":1,"281":4,"282":3,"287":5,"290":2}},
"/Users/mitmaro/Code/ComboKeysContext/src/plugins/ClassNameFilter.js":{"path":"/Users/mitmaro/Code/ComboKeysContext/src/plugins/ClassNameFilter.js","s":{"1":1,"2":1,"3":7,"4":7,"5":7,"6":5,"7":2,"8":1,"9":7,"10":7,"11":7,"12":7,"13":4,"14":3,"15":1,"16":1},"b":{"1":[5,2],"2":[4,3],"3":[3,1]},"f":{"1":7,"2":7,"3":7},"fnMap":{"1":{"name":"(anonymous_1)","line":9,"loc":{"start":{"line":9,"column":24},"end":{"line":9,"column":65}}},"2":{"name":"(anonymous_2)","line":11,"loc":{"start":{"line":11,"column":35},"end":{"line":11,"column":51}}},"3":{"name":"(anonymous_3)","line":23,"loc":{"start":{"line":23,"column":43},"end":{"line":23,"column":66}}}},"statementMap":{"1":{"start":{"line":1,"column":0},"end":{"line":1,"column":55}},"2":{"start":{"line":9,"column":0},"end":{"line":21,"column":2}},"3":{"start":{"line":11,"column":1},"end":{"line":13,"column":4}},"4":{"start":{"line":12,"column":2},"end":{"line":12,"column":27}},"5":{"start":{"line":15,"column":1},"end":{"line":19,"column":2}},"6":{"start":{"line":16,"column":2},"end":{"line":16,"column":20}},"7":{"start":{"line":18,"column":2},"end":{"line":18,"column":35}},"8":{"start":{"line":23,"column":0},"end":{"line":35,"column":2}},"9":{"start":{"line":24,"column":1},"end":{"line":24,"column":7}},"10":{"start":{"line":25,"column":1},"end":{"line":25,"column":47}},"11":{"start":{"line":26,"column":1},"end":{"line":34,"column":2}},"12":{"start":{"line":27,"column":2},"end":{"line":33,"column":3}},"13":{"start":{"line":28,"column":3},"end":{"line":32,"column":4}},"14":{"start":{"line":29,"column":4},"end":{"line":29,"column":42}},"15":{"start":{"line":31,"column":4},"end":{"line":31,"column":43}},"16":{"start":{"line":37,"column":0},"end":{"line":37,"column":35}}},"branchMap":{"1":{"line":15,"type":"if","locations":[{"start":{"line":15,"column":1},"end":{"line":15,"column":1}},{"start":{"line":15,"column":1},"end":{"line":15,"column":1}}]},"2":{"line":27,"type":"if","locations":[{"start":{"line":27,"column":2},"end":{"line":27,"column":2}},{"start":{"line":27,"column":2},"end":{"line":27,"column":2}}]},"3":{"line":28,"type":"if","locations":[{"start":{"line":28,"column":3},"end":{"line":28,"column":3}},{"start":{"line":28,"column":3},"end":{"line":28,"column":3}}]}},"l":{"1":1,"9":1,"11":7,"12":7,"15":7,"16":5,"18":2,"23":1,"24":7,"25":7,"26":7,"27":7,"28":4,"29":3,"31":1,"37":1}},
"/Users/mitmaro/Code/ComboKeysContext/src/plugins/StaticPlugin.js":{"path":"/Users/mitmaro/Code/ComboKeysContext/src/plugins/StaticPlugin.js","s":{"1":1,"2":1,"3":1,"4":1,"5":1,"6":1,"7":1,"8":1,"9":1,"10":1,"11":1},"b":{},"f":{"1":1,"2":1,"3":1,"4":1},"fnMap":{"1":{"name":"(anonymous_1)","line":9,"loc":{"start":{"line":9,"column":19},"end":{"line":9,"column":75}}},"2":{"name":"(anonymous_2)","line":15,"loc":{"start":{"line":15,"column":38},"end":{"line":15,"column":49}}},"3":{"name":"(anonymous_3)","line":19,"loc":{"start":{"line":19,"column":41},"end":{"line":19,"column":52}}},"4":{"name":"(anonymous_4)","line":23,"loc":{"start":{"line":23,"column":40},"end":{"line":23,"column":51}}}},"statementMap":{"1":{"start":{"line":9,"column":0},"end":{"line":13,"column":2}},"2":{"start":{"line":10,"column":1},"end":{"line":10,"column":39}},"3":{"start":{"line":11,"column":1},"end":{"line":11,"column":41}},"4":{"start":{"line":12,"column":1},"end":{"line":12,"column":35}},"5":{"start":{"line":15,"column":0},"end":{"line":17,"column":2}},"6":{"start":{"line":16,"column":1},"end":{"line":16,"column":27}},"7":{"start":{"line":19,"column":0},"end":{"line":21,"column":2}},"8":{"start":{"line":20,"column":1},"end":{"line":20,"column":30}},"9":{"start":{"line":23,"column":0},"end":{"line":25,"column":2}},"10":{"start":{"line":24,"column":1},"end":{"line":24,"column":29}},"11":{"start":{"line":27,"column":0},"end":{"line":27,"column":30}}},"branchMap":{},"l":{"9":1,"10":1,"11":1,"12":1,"15":1,"16":1,"19":1,"20":1,"23":1,"24":1,"27":1}},
"/Users/mitmaro/Code/ComboKeysContext/src/plugins/TagCallbackFilter.js":{"path":"/Users/mitmaro/Code/ComboKeysContext/src/plugins/TagCallbackFilter.js","s":{"1":1,"2":1,"3":1,"4":2,"5":1,"6":5,"7":4,"8":1},"b":{"1":[4,1]},"f":{"1":1,"2":2,"3":5},"fnMap":{"1":{"name":"(anonymous_1)","line":9,"loc":{"start":{"line":9,"column":24},"end":{"line":9,"column":43}}},"2":{"name":"(anonymous_2)","line":11,"loc":{"start":{"line":11,"column":31},"end":{"line":11,"column":47}}},"3":{"name":"(anonymous_3)","line":16,"loc":{"start":{"line":16,"column":43},"end":{"line":16,"column":66}}}},"statementMap":{"1":{"start":{"line":1,"column":0},"end":{"line":1,"column":55}},"2":{"start":{"line":9,"column":0},"end":{"line":14,"column":2}},"3":{"start":{"line":11,"column":1},"end":{"line":13,"column":4}},"4":{"start":{"line":12,"column":2},"end":{"line":12,"column":29}},"5":{"start":{"line":16,"column":0},"end":{"line":20,"column":2}},"6":{"start":{"line":17,"column":1},"end":{"line":19,"column":2}},"7":{"start":{"line":18,"column":2},"end":{"line":18,"column":40}},"8":{"start":{"line":22,"column":0},"end":{"line":22,"column":35}}},"branchMap":{"1":{"line":17,"type":"if","locations":[{"start":{"line":17,"column":1},"end":{"line":17,"column":1}},{"start":{"line":17,"column":1},"end":{"line":17,"column":1}}]}},"l":{"1":1,"9":1,"11":1,"12":2,"16":1,"17":5,"18":4,"22":1}}}
